#
# A fatal error has been detected by the Java Runtime Environment:
#
#  SIGSEGV (0xb) at pc=0x00007fee59ae8385, pid=22590, tid=140661284701952
#
# JRE version: Java(TM) SE Runtime Environment (8.0_91-b14) (build 1.8.0_91-b14)
# Java VM: Java HotSpot(TM) 64-Bit Server VM (25.91-b14 mixed mode linux-amd64 compressed oops)
# Problematic frame:
# V  [libjvm.so+0xa27385]  StringTable::unlink_or_oops_do(BoolObjectClosure*, OopClosure*, int*, int*)+0x95
#
# Failed to write core dump. Core dumps have been disabled. To enable core dumping, try "ulimit -c unlimited" before starting Java again
#
# If you would like to submit a bug report, please visit:
#   http://bugreport.java.com/bugreport/crash.jsp
#

---------------  T H R E A D  ---------------

Current thread (0x00007fee54077800):  VMThread [stack: 0x00007fee41d88000,0x00007fee41e89000] [id=22601]

siginfo: si_signo: 11 (SIGSEGV), si_code: 1 (SEGV_MAPERR), si_addr: 0x0000000000200010

Registers:
RAX=0x00007fee5a01b7c0, RBX=0x0000000000200000, RCX=0x0000000790439c10, RDX=0x00007fee54026760
RSP=0x00007fee41e87580, RBP=0x00007fee41e875c0, RSI=0x000000078d900000, RDI=0x00007fee540750c0
R8 =0x000000004f55800b, R9 =0x00000000ea656775, R10=0x0000000000000001, R11=0x00007fee59c24a9d
R12=0x00007fee43076008, R13=0x00007fee41e8799c, R14=0x00007fee5a078090, R15=0x00007fee41e87998
RIP=0x00007fee59ae8385, EFLAGS=0x0000000000010206, CSGSFS=0x0000000000000033, ERR=0x0000000000000004
  TRAPNO=0x000000000000000e

Top of Stack: (sp=0x00007fee41e87580)
0x00007fee41e87580:   0000000000075368 00007fee41e878f0
0x00007fee41e87590:   0000000000073ff8 00007fee08138930
0x00007fee41e875a0:   0000000000000004 00007fee540269b0
0x00007fee41e875b0:   0000000000000004 00007fee54017b10
0x00007fee41e875c0:   00007fee41e879d0 00007fee59a49558
0x00007fee41e875d0:   00007fee5a077f00 0000000000000000
0x00007fee41e875e0:   0000000000000001 0000000000000001
0x00007fee41e875f0:   0000000000000000 00007fee41e87840
0x00007fee41e87600:   00007fee41e87960 00007fee41e87950
0x00007fee41e87610:   00007fee41e87800 00007fee5a076790
0x00007fee41e87620:   00007fee41e878f0 00007fee41e877c0
0x00007fee41e87630:   00007fee41e878a0 00007fee41e87870
0x00007fee41e87640:   00007fee5a068ad9 000000000000000d
0x00007fee41e87650:   00007fee5401a900 00007fee5401a990
0x00007fee41e87660:   00007fee5401c2c0 0000000002680000
0x00007fee41e87670:   0000000002680000 0000000728a00000
0x00007fee41e87680:   00007fee540750c0 0000000000000000
0x00007fee41e87690:   00007fee54026980 00007fee54026990
0x00007fee41e876a0:   00007fee54026d68 00007fee54076ec0
0x00007fee41e876b0:   00000000000003d8 0000000000000000
0x00007fee41e876c0:   0000000000000000 00000000000000b9
0x00007fee41e876d0:   0000000000000020 0000000000000001
0x00007fee41e876e0:   000000003fdfedad 00000000bc2de560
0x00007fee41e876f0:   6f6c6c4128204347 46206e6f69746163
0x00007fee41e87700:   20296572756c6961 0000000000000000
0x00007fee41e87710:   0000000000000000 0000000000000000
0x00007fee41e87720:   0000000000000000 0000000000000000
0x00007fee41e87730:   0000000000000000 0000000000000000
0x00007fee41e87740:   0000000000000000 0000000000000000
0x00007fee41e87750:   0000000000000000 0000000000000000
0x00007fee41e87760:   0000000000000000 0000000000000000
0x00007fee41e87770:   0000000000000018 0000000000000000 

Instructions: (pc=0x00007fee59ae8385)
0x00007fee59ae8365:   8d 63 08 48 8d 73 10 48 8b 02 48 89 d7 ff 10 41
0x00007fee59ae8375:   83 45 00 01 49 8b 1c 24 48 85 db 74 45 49 8b 06
0x00007fee59ae8385:   48 8b 73 10 4c 89 f7 ff 10 84 c0 75 ce 48 8b 43
0x00007fee59ae8395:   08 48 83 e0 fe 49 89 04 24 48 8b 05 ab 07 59 00 

Register to memory mapping:

RAX=0x00007fee5a01b7c0: <offset 0xf5a7c0> in /usr/local/java/jdk1.8.0_91/jre/lib/amd64/server/libjvm.so at 0x00007fee590c1000
RBX=0x0000000000200000 is an unknown value
RCX=0x0000000790439c10 is an oop
java.lang.String 
 - klass: 'java/lang/String'
RDX=0x00007fee54026760 is an unknown value
RSP=0x00007fee41e87580 is an unknown value
RBP=0x00007fee41e875c0 is an unknown value
RSI=0x000000078d900000 is an oop
[I 
 - klass: {type array int}
 - length: 0
RDI=0x00007fee540750c0 is an unknown value
R8 =0x000000004f55800b is an unknown value
R9 =0x00000000ea656775 is an unknown value
R10=0x0000000000000001 is an unknown value
R11=0x00007fee59c24a9d: <offset 0xb63a9d> in /usr/local/java/jdk1.8.0_91/jre/lib/amd64/server/libjvm.so at 0x00007fee590c1000
R12=0x00007fee43076008 is an unknown value
R13=0x00007fee41e8799c is an unknown value
R14=0x00007fee5a078090: <offset 0xfb7090> in /usr/local/java/jdk1.8.0_91/jre/lib/amd64/server/libjvm.so at 0x00007fee590c1000
R15=0x00007fee41e87998 is an unknown value


Stack: [0x00007fee41d88000,0x00007fee41e89000],  sp=0x00007fee41e87580,  free space=1021k
Native frames: (J=compiled Java code, j=interpreted, Vv=VM code, C=native code)
V  [libjvm.so+0xa27385]  StringTable::unlink_or_oops_do(BoolObjectClosure*, OopClosure*, int*, int*)+0x95
V  [libjvm.so+0x988558]  PSScavenge::invoke_no_policy()+0xc28
V  [libjvm.so+0x988ff1]  PSScavenge::invoke()+0x41
V  [libjvm.so+0x9408b0]  ParallelScavengeHeap::failed_mem_allocate(unsigned long)+0x70
V  [libjvm.so+0xabdba7]  VM_ParallelGCFailedAllocation::doit()+0x97
V  [libjvm.so+0xac55d5]  VM_Operation::evaluate()+0x55
V  [libjvm.so+0xac39aa]  VMThread::evaluate_operation(VM_Operation*)+0xba
V  [libjvm.so+0xac3d2e]  VMThread::loop()+0x1ce
V  [libjvm.so+0xac41a0]  VMThread::run()+0x70
V  [libjvm.so+0x91ef78]  java_start(Thread*)+0x108

VM_Operation (0x00007fee5ac9c580): ParallelGCFailedAllocation, mode: safepoint, requested by thread 0x00007fee54009800


---------------  P R O C E S S  ---------------

Java Threads: ( => current thread )
  0x00007fee541c2800 JavaThread "Java2D Disposer" daemon [_thread_blocked, id=22610, stack(0x00007fee33ada000,0x00007fee33bdb000)]
  0x00007fee540e2000 JavaThread "Service Thread" daemon [_thread_blocked, id=22608, stack(0x00007fee413b8000,0x00007fee414b9000)]
  0x00007fee540bd000 JavaThread "C1 CompilerThread2" daemon [_thread_blocked, id=22607, stack(0x00007fee414b9000,0x00007fee415ba000)]
  0x00007fee540bb800 JavaThread "C2 CompilerThread1" daemon [_thread_blocked, id=22606, stack(0x00007fee415ba000,0x00007fee416bb000)]
  0x00007fee540b8800 JavaThread "C2 CompilerThread0" daemon [_thread_blocked, id=22605, stack(0x00007fee416bb000,0x00007fee417bc000)]
  0x00007fee540b7000 JavaThread "Signal Dispatcher" daemon [_thread_blocked, id=22604, stack(0x00007fee417bc000,0x00007fee418bd000)]
  0x00007fee54083800 JavaThread "Finalizer" daemon [_thread_blocked, id=22603, stack(0x00007fee41b86000,0x00007fee41c87000)]
  0x00007fee5407f000 JavaThread "Reference Handler" daemon [_thread_blocked, id=22602, stack(0x00007fee41c87000,0x00007fee41d88000)]
  0x00007fee54009800 JavaThread "main" [_thread_blocked, id=22596, stack(0x00007fee5ab9d000,0x00007fee5ac9e000)]

Other Threads:
=>0x00007fee54077800 VMThread [stack: 0x00007fee41d88000,0x00007fee41e89000] [id=22601]
  0x00007fee540ed000 WatcherThread [stack: 0x00007fee412b7000,0x00007fee413b8000] [id=22609]

VM state:at safepoint (normal execution)

VM Mutex/Monitor currently owned by a thread:  ([mutex/lock_event])
[0x00007fee54005f90] Threads_lock - owner thread: 0x00007fee54077800
[0x00007fee54006490] Heap_lock - owner thread: 0x00007fee54009800

Heap:
 PSYoungGen      total 45568K, used 39424K [0x000000078d900000, 0x0000000790b80000, 0x00000007c0000000)
  eden space 39424K, 100% used [0x000000078d900000,0x000000078ff80000,0x000000078ff80000)
  from space 6144K, 0% used [0x0000000790580000,0x0000000790580000,0x0000000790b80000)
  to   space 6144K, 82% used [0x000000078ff80000,0x0000000790477c00,0x0000000790580000)
 ParOldGen       total 103936K, used 3577K [0x0000000728a00000, 0x000000072ef80000, 0x000000078d900000)
  object space 103936K, 3% used [0x0000000728a00000,0x0000000728d7e478,0x000000072ef80000)
 Metaspace       used 5839K, capacity 6018K, committed 6144K, reserved 1056768K
  class space    used 664K, capacity 729K, committed 768K, reserved 1048576K

Card table byte_map: [0x00007fee4435e000,0x00007fee4481a000] byte_map_base: 0x00007fee40a19000

Marking Bits: (ParMarkBitMap*) 0x00007fee5a077d60
 Begin Bits: [0x00007fee1f450000, 0x00007fee21a28000)
 End Bits:   [0x00007fee21a28000, 0x00007fee24000000)

Polling page: 0x00007fee5acc0000

CodeCache: size=245760Kb used=1969Kb max_used=1981Kb free=243790Kb
 bounds [0x00007fee44bda000, 0x00007fee44e4a000, 0x00007fee53bda000]
 total_blobs=686 nmethods=381 adapters=220
 compilation: enabled

Compilation events (10 events):
Event: 0.761 Thread 0x00007fee540bb800 nmethod 374 0x00007fee44dc1010 code [0x00007fee44dc11c0, 0x00007fee44dc17e8]
Event: 0.761 Thread 0x00007fee540bb800  377       4       java.awt.image.ColorModel::equals (150 bytes)
Event: 0.763 Thread 0x00007fee540bb800 nmethod 377 0x00007fee44db6850 code [0x00007fee44db69a0, 0x00007fee44db6a98]
Event: 0.763 Thread 0x00007fee540b8800 nmethod 378 0x00007fee44dbf450 code [0x00007fee44dbf5c0, 0x00007fee44dbf7f8]
Event: 0.835 Thread 0x00007fee540bd000  379 %     3       SimplePicture::copyPicture @ 34 (97 bytes)
Event: 0.837 Thread 0x00007fee540bd000 nmethod 379% 0x00007fee44dc4b90 code [0x00007fee44dc4e40, 0x00007fee44dc64f8]
Event: 0.837 Thread 0x00007fee540bd000  380       3       SimplePicture::copyPicture (97 bytes)
Event: 0.838 Thread 0x00007fee540bd000 nmethod 380 0x00007fee44dc7490 code [0x00007fee44dc7720, 0x00007fee44dc8cf8]
Event: 0.939 Thread 0x00007fee540bb800  381 %     4       SimplePicture::copyPicture @ 34 (97 bytes)
Event: 0.947 Thread 0x00007fee540bb800 nmethod 381% 0x00007fee44dc9c10 code [0x00007fee44dc9da0, 0x00007fee44dca2f8]

GC Heap History (1 events):
Event: 1.072 GC heap before
{Heap before GC invocations=1 (full 0):
 PSYoungGen      total 45568K, used 39424K [0x000000078d900000, 0x0000000790b80000, 0x00000007c0000000)
  eden space 39424K, 100% used [0x000000078d900000,0x000000078ff80000,0x000000078ff80000)
  from space 6144K, 0% used [0x0000000790580000,0x0000000790580000,0x0000000790b80000)
  to   space 6144K, 0% used [0x000000078ff80000,0x000000078ff80000,0x0000000790580000)
 ParOldGen       total 103936K, used 0K [0x0000000728a00000, 0x000000072ef80000, 0x000000078d900000)
  object space 103936K, 0% used [0x0000000728a00000,0x0000000728a00000,0x000000072ef80000)
 Metaspace       used 5839K, capacity 6018K, committed 6144K, reserved 1056768K
  class space    used 664K, capacity 729K, committed 768K, reserved 1048576K

Deoptimization events (0 events):
No events

Internal exceptions (10 events):
Event: 0.092 Thread 0x00007fee54009800 Exception <a 'java/lang/NoSuchMethodError': Method sun.misc.Unsafe.defineClass(Ljava/lang/String;[BII)Ljava/lang/Class; name or signature does not match> (0x000000078d907cc0) thrown at [/HUDSON/workspace/8-2-build-linux-amd64/jdk8u91/6644/hotspot/src/shar
Event: 0.092 Thread 0x00007fee54009800 Exception <a 'java/lang/NoSuchMethodError': Method sun.misc.Unsafe.prefetchRead(Ljava/lang/Object;J)V name or signature does not match> (0x000000078d907fa8) thrown at [/HUDSON/workspace/8-2-build-linux-amd64/jdk8u91/6644/hotspot/src/share/vm/prims/jni.cpp
Event: 0.230 Thread 0x00007fee54009800 Exception <a 'java/security/PrivilegedActionException'> (0x000000078d988908) thrown at [/HUDSON/workspace/8-2-build-linux-amd64/jdk8u91/6644/hotspot/src/share/vm/prims/jvm.cpp, line 1386]
Event: 0.230 Thread 0x00007fee54009800 Exception <a 'java/security/PrivilegedActionException'> (0x000000078d988b18) thrown at [/HUDSON/workspace/8-2-build-linux-amd64/jdk8u91/6644/hotspot/src/share/vm/prims/jvm.cpp, line 1386]
Event: 0.231 Thread 0x00007fee54009800 Exception <a 'java/security/PrivilegedActionException'> (0x000000078d98afb0) thrown at [/HUDSON/workspace/8-2-build-linux-amd64/jdk8u91/6644/hotspot/src/share/vm/prims/jvm.cpp, line 1386]
Event: 0.231 Thread 0x00007fee54009800 Exception <a 'java/security/PrivilegedActionException'> (0x000000078d98b1c0) thrown at [/HUDSON/workspace/8-2-build-linux-amd64/jdk8u91/6644/hotspot/src/share/vm/prims/jvm.cpp, line 1386]
Event: 0.396 Thread 0x00007fee54009800 Exception <a 'java/lang/NoSuchFieldError': method resolution failed> (0x000000078db91c50) thrown at [/HUDSON/workspace/8-2-build-linux-amd64/jdk8u91/6644/hotspot/src/share/vm/prims/methodHandles.cpp, line 1146]
Event: 0.411 Thread 0x00007fee54009800 Exception <a 'java/lang/NoSuchFieldError': method resolution failed> (0x000000078db9f420) thrown at [/HUDSON/workspace/8-2-build-linux-amd64/jdk8u91/6644/hotspot/src/share/vm/prims/methodHandles.cpp, line 1146]
Event: 0.458 Thread 0x00007fee54009800 Exception <a 'java/io/FileNotFoundException'> (0x000000078dc1e1c0) thrown at [/HUDSON/workspace/8-2-build-linux-amd64/jdk8u91/6644/hotspot/src/share/vm/prims/jni.cpp, line 709]
Event: 0.458 Thread 0x00007fee54009800 Exception <a 'java/io/FileNotFoundException'> (0x000000078dc1eb78) thrown at [/HUDSON/workspace/8-2-build-linux-amd64/jdk8u91/6644/hotspot/src/share/vm/prims/jni.cpp, line 709]

Events (10 events):
Event: 0.632 loading class java/awt/image/DataBufferInt done
Event: 0.650 loading class sun/awt/image/IntegerInterleavedRaster
Event: 0.651 loading class sun/awt/image/IntegerInterleavedRaster done
Event: 0.651 loading class Pixel
Event: 0.651 loading class Pixel done
Event: 0.652 loading class java/awt/Color
Event: 0.652 loading class java/awt/Color done
Event: 0.948 Thread 0x00007fee54009800 DEOPT PACKING pc=0x00007fee44dc6377 sp=0x00007fee5ac9c690
Event: 0.948 Thread 0x00007fee54009800 DEOPT UNPACKING pc=0x00007fee44c21233 sp=0x00007fee5ac9c4b0 mode 0
Event: 1.071 Executing VM operation: ParallelGCFailedAllocation


Dynamic libraries:
00400000-00401000 r-xp 00000000 08:01 547689                             /usr/local/java/jdk1.8.0_91/bin/java
00600000-00601000 rw-p 00000000 08:01 547689                             /usr/local/java/jdk1.8.0_91/bin/java
0244d000-0246e000 rw-p 00000000 00:00 0                                  [heap]
728a00000-72ef80000 rw-p 00000000 00:00 0 
72ef80000-78d900000 ---p 00000000 00:00 0 
78d900000-790b80000 rw-p 00000000 00:00 0 
790b80000-7c0000000 ---p 00000000 00:00 0 
7c0000000-7c00c0000 rw-p 00000000 00:00 0 
7c00c0000-800000000 ---p 00000000 00:00 0 
7fedf8000000-7fedf8021000 rw-p 00000000 00:00 0 
7fedf8021000-7fedfc000000 ---p 00000000 00:00 0 
7fedfc000000-7fedfc021000 rw-p 00000000 00:00 0 
7fedfc021000-7fee00000000 ---p 00000000 00:00 0 
7fee00000000-7fee001e9000 rw-p 00000000 00:00 0 
7fee001e9000-7fee04000000 ---p 00000000 00:00 0 
7fee04000000-7fee04021000 rw-p 00000000 00:00 0 
7fee04021000-7fee08000000 ---p 00000000 00:00 0 
7fee08000000-7fee08141000 rw-p 00000000 00:00 0 
7fee08141000-7fee0c000000 ---p 00000000 00:00 0 
7fee0c000000-7fee0c179000 rw-p 00000000 00:00 0 
7fee0c179000-7fee10000000 ---p 00000000 00:00 0 
7fee10000000-7fee10021000 rw-p 00000000 00:00 0 
7fee10021000-7fee14000000 ---p 00000000 00:00 0 
7fee14000000-7fee14021000 rw-p 00000000 00:00 0 
7fee14021000-7fee18000000 ---p 00000000 00:00 0 
7fee18000000-7fee18021000 rw-p 00000000 00:00 0 
7fee18021000-7fee1c000000 ---p 00000000 00:00 0 
7fee1f450000-7fee24000000 rw-p 00000000 00:00 0 
7fee24000000-7fee24021000 rw-p 00000000 00:00 0 
7fee24021000-7fee28000000 ---p 00000000 00:00 0 
7fee2c000000-7fee2c021000 rw-p 00000000 00:00 0 
7fee2c021000-7fee30000000 ---p 00000000 00:00 0 
7fee33855000-7fee33ada000 rw-p 00000000 00:00 0 
7fee33ada000-7fee33add000 ---p 00000000 00:00 0 
7fee33add000-7fee33bdb000 rw-p 00000000 00:00 0                          [stack:22610]
7fee33bdb000-7fee33be0000 r-xp 00000000 08:01 9200                       /usr/lib/x86_64-linux-gnu/libXdmcp.so.6.0.0
7fee33be0000-7fee33ddf000 ---p 00005000 08:01 9200                       /usr/lib/x86_64-linux-gnu/libXdmcp.so.6.0.0
7fee33ddf000-7fee33de0000 r--p 00004000 08:01 9200                       /usr/lib/x86_64-linux-gnu/libXdmcp.so.6.0.0
7fee33de0000-7fee33de1000 rw-p 00005000 08:01 9200                       /usr/lib/x86_64-linux-gnu/libXdmcp.so.6.0.0
7fee33de1000-7fee33dfe000 r-xp 00000000 08:01 10418                      /usr/lib/x86_64-linux-gnu/libxcb.so.1.1.0
7fee33dfe000-7fee33ffe000 ---p 0001d000 08:01 10418                      /usr/lib/x86_64-linux-gnu/libxcb.so.1.1.0
7fee33ffe000-7fee33fff000 r--p 0001d000 08:01 10418                      /usr/lib/x86_64-linux-gnu/libxcb.so.1.1.0
7fee33fff000-7fee34000000 rw-p 0001e000 08:01 10418                      /usr/lib/x86_64-linux-gnu/libxcb.so.1.1.0
7fee34000000-7fee34021000 rw-p 00000000 00:00 0 
7fee34021000-7fee38000000 ---p 00000000 00:00 0 
7fee38000000-7fee38021000 rw-p 00000000 00:00 0 
7fee38021000-7fee3c000000 ---p 00000000 00:00 0 
7fee3c000000-7fee3c021000 rw-p 00000000 00:00 0 
7fee3c021000-7fee40000000 ---p 00000000 00:00 0 
7fee40002000-7fee40004000 r-xp 00000000 08:01 9189                       /usr/lib/x86_64-linux-gnu/libXau.so.6.0.0
7fee40004000-7fee40204000 ---p 00002000 08:01 9189                       /usr/lib/x86_64-linux-gnu/libXau.so.6.0.0
7fee40204000-7fee40205000 r--p 00002000 08:01 9189                       /usr/lib/x86_64-linux-gnu/libXau.so.6.0.0
7fee40205000-7fee40206000 rw-p 00003000 08:01 9189                       /usr/lib/x86_64-linux-gnu/libXau.so.6.0.0
7fee40206000-7fee40215000 r-xp 00000000 08:01 9210                       /usr/lib/x86_64-linux-gnu/libXi.so.6.1.0
7fee40215000-7fee40414000 ---p 0000f000 08:01 9210                       /usr/lib/x86_64-linux-gnu/libXi.so.6.1.0
7fee40414000-7fee40415000 r--p 0000e000 08:01 9210                       /usr/lib/x86_64-linux-gnu/libXi.so.6.1.0
7fee40415000-7fee40416000 rw-p 0000f000 08:01 9210                       /usr/lib/x86_64-linux-gnu/libXi.so.6.1.0
7fee40416000-7fee4041b000 r-xp 00000000 08:01 9230                       /usr/lib/x86_64-linux-gnu/libXtst.so.6.1.0
7fee4041b000-7fee4061a000 ---p 00005000 08:01 9230                       /usr/lib/x86_64-linux-gnu/libXtst.so.6.1.0
7fee4061a000-7fee4061b000 r--p 00004000 08:01 9230                       /usr/lib/x86_64-linux-gnu/libXtst.so.6.1.0
7fee4061b000-7fee4061c000 rw-p 00005000 08:01 9230                       /usr/lib/x86_64-linux-gnu/libXtst.so.6.1.0
7fee4061c000-7fee40625000 r-xp 00000000 08:01 9224                       /usr/lib/x86_64-linux-gnu/libXrender.so.1.3.0
7fee40625000-7fee40824000 ---p 00009000 08:01 9224                       /usr/lib/x86_64-linux-gnu/libXrender.so.1.3.0
7fee40824000-7fee40825000 r--p 00008000 08:01 9224                       /usr/lib/x86_64-linux-gnu/libXrender.so.1.3.0
7fee40825000-7fee40826000 rw-p 00009000 08:01 9224                       /usr/lib/x86_64-linux-gnu/libXrender.so.1.3.0
7fee40826000-7fee40956000 r-xp 00000000 08:01 9185                       /usr/lib/x86_64-linux-gnu/libX11.so.6.3.0
7fee40956000-7fee40b56000 ---p 00130000 08:01 9185                       /usr/lib/x86_64-linux-gnu/libX11.so.6.3.0
7fee40b56000-7fee40b57000 r--p 00130000 08:01 9185                       /usr/lib/x86_64-linux-gnu/libX11.so.6.3.0
7fee40b57000-7fee40b5b000 rw-p 00131000 08:01 9185                       /usr/lib/x86_64-linux-gnu/libX11.so.6.3.0
7fee40b5b000-7fee40b6c000 r-xp 00000000 08:01 9202                       /usr/lib/x86_64-linux-gnu/libXext.so.6.4.0
7fee40b6c000-7fee40d6b000 ---p 00011000 08:01 9202                       /usr/lib/x86_64-linux-gnu/libXext.so.6.4.0
7fee40d6b000-7fee40d6c000 r--p 00010000 08:01 9202                       /usr/lib/x86_64-linux-gnu/libXext.so.6.4.0
7fee40d6c000-7fee40d6d000 rw-p 00011000 08:01 9202                       /usr/lib/x86_64-linux-gnu/libXext.so.6.4.0
7fee40d8c000-7fee40de0000 r-xp 00000000 08:01 819058                     /usr/local/java/jdk1.8.0_91/jre/lib/amd64/libawt_xawt.so
7fee40de0000-7fee40fe0000 ---p 00054000 08:01 819058                     /usr/local/java/jdk1.8.0_91/jre/lib/amd64/libawt_xawt.so
7fee40fe0000-7fee40fe4000 rw-p 00054000 08:01 819058                     /usr/local/java/jdk1.8.0_91/jre/lib/amd64/libawt_xawt.so
7fee40fe4000-7fee40fe5000 rw-p 00000000 00:00 0 
7fee40fe5000-7fee41087000 r-xp 00000000 08:01 819044                     /usr/local/java/jdk1.8.0_91/jre/lib/amd64/libawt.so
7fee41087000-7fee41287000 ---p 000a2000 08:01 819044                     /usr/local/java/jdk1.8.0_91/jre/lib/amd64/libawt.so
7fee41287000-7fee41293000 rw-p 000a2000 08:01 819044                     /usr/local/java/jdk1.8.0_91/jre/lib/amd64/libawt.so
7fee41293000-7fee412b7000 rw-p 00000000 00:00 0 
7fee412b7000-7fee412b8000 ---p 00000000 00:00 0 
7fee412b8000-7fee413b8000 rw-p 00000000 00:00 0                          [stack:22609]
7fee413b8000-7fee413bb000 ---p 00000000 00:00 0 
7fee413bb000-7fee414b9000 rw-p 00000000 00:00 0                          [stack:22608]
7fee414b9000-7fee414bc000 ---p 00000000 00:00 0 
7fee414bc000-7fee415ba000 rw-p 00000000 00:00 0                          [stack:22607]
7fee415ba000-7fee415bd000 ---p 00000000 00:00 0 
7fee415bd000-7fee416bb000 rw-p 00000000 00:00 0                          [stack:22606]
7fee416bb000-7fee416be000 ---p 00000000 00:00 0 
7fee416be000-7fee417bc000 rw-p 00000000 00:00 0                          [stack:22605]
7fee417bc000-7fee417bf000 ---p 00000000 00:00 0 
7fee417bf000-7fee418bd000 rw-p 00000000 00:00 0                          [stack:22604]
7fee418bd000-7fee41b86000 r--p 00000000 08:01 8107                       /usr/lib/locale/locale-archive
7fee41b86000-7fee41b89000 ---p 00000000 00:00 0 
7fee41b89000-7fee41c87000 rw-p 00000000 00:00 0                          [stack:22603]
7fee41c87000-7fee41c8a000 ---p 00000000 00:00 0 
7fee41c8a000-7fee41d88000 rw-p 00000000 00:00 0                          [stack:22602]
7fee41d88000-7fee41d89000 ---p 00000000 00:00 0 
7fee41d89000-7fee42e29000 rw-p 00000000 00:00 0                          [stack:22601]
7fee42e29000-7fee43002000 r--s 03d1f000 08:01 818845                     /usr/local/java/jdk1.8.0_91/jre/lib/rt.jar
7fee43002000-7fee435b8000 rw-p 00000000 00:00 0 
7fee435b8000-7fee43878000 ---p 00000000 00:00 0 
7fee43878000-7fee43d33000 rw-p 00000000 00:00 0 
7fee43d33000-7fee43d34000 ---p 00000000 00:00 0 
7fee43d34000-7fee43e34000 rw-p 00000000 00:00 0                          [stack:22600]
7fee43e34000-7fee43e35000 ---p 00000000 00:00 0 
7fee43e35000-7fee43f35000 rw-p 00000000 00:00 0                          [stack:22599]
7fee43f35000-7fee43f36000 ---p 00000000 00:00 0 
7fee43f36000-7fee44069000 rw-p 00000000 00:00 0                          [stack:22598]
7fee44069000-7fee4435e000 ---p 00000000 00:00 0 
7fee4435e000-7fee44391000 rw-p 00000000 00:00 0 
7fee44391000-7fee44685000 ---p 00000000 00:00 0 
7fee44685000-7fee4469f000 rw-p 00000000 00:00 0 
7fee4469f000-7fee44819000 ---p 00000000 00:00 0 
7fee44819000-7fee44824000 rw-p 00000000 00:00 0 
7fee44824000-7fee44bda000 ---p 00000000 00:00 0 
7fee44bda000-7fee44e4a000 rwxp 00000000 00:00 0 
7fee44e4a000-7fee53bda000 ---p 00000000 00:00 0 
7fee53bda000-7fee53bf4000 r-xp 00000000 08:01 819047                     /usr/local/java/jdk1.8.0_91/jre/lib/amd64/libzip.so
7fee53bf4000-7fee53df4000 ---p 0001a000 08:01 819047                     /usr/local/java/jdk1.8.0_91/jre/lib/amd64/libzip.so
7fee53df4000-7fee53df5000 rw-p 0001a000 08:01 819047                     /usr/local/java/jdk1.8.0_91/jre/lib/amd64/libzip.so
7fee53df5000-7fee53dff000 r-xp 00000000 08:01 918668                     /lib/x86_64-linux-gnu/libnss_files-2.19.so
7fee53dff000-7fee53ffe000 ---p 0000a000 08:01 918668                     /lib/x86_64-linux-gnu/libnss_files-2.19.so
7fee53ffe000-7fee53fff000 r--p 00009000 08:01 918668                     /lib/x86_64-linux-gnu/libnss_files-2.19.so
7fee53fff000-7fee54000000 rw-p 0000a000 08:01 918668                     /lib/x86_64-linux-gnu/libnss_files-2.19.so
7fee54000000-7fee541ef000 rw-p 00000000 00:00 0 
7fee541ef000-7fee58000000 ---p 00000000 00:00 0 
7fee58005000-7fee58047000 rw-p 00000000 00:00 0 
7fee58047000-7fee58048000 ---p 00000000 00:00 0 
7fee58048000-7fee58148000 rw-p 00000000 00:00 0                          [stack:22597]
7fee58148000-7fee58153000 r-xp 00000000 08:01 918631                     /lib/x86_64-linux-gnu/libnss_nis-2.19.so
7fee58153000-7fee58352000 ---p 0000b000 08:01 918631                     /lib/x86_64-linux-gnu/libnss_nis-2.19.so
7fee58352000-7fee58353000 r--p 0000a000 08:01 918631                     /lib/x86_64-linux-gnu/libnss_nis-2.19.so
7fee58353000-7fee58354000 rw-p 0000b000 08:01 918631                     /lib/x86_64-linux-gnu/libnss_nis-2.19.so
7fee58354000-7fee5836b000 r-xp 00000000 08:01 918621                     /lib/x86_64-linux-gnu/libnsl-2.19.so
7fee5836b000-7fee5856a000 ---p 00017000 08:01 918621                     /lib/x86_64-linux-gnu/libnsl-2.19.so
7fee5856a000-7fee5856b000 r--p 00016000 08:01 918621                     /lib/x86_64-linux-gnu/libnsl-2.19.so
7fee5856b000-7fee5856c000 rw-p 00017000 08:01 918621                     /lib/x86_64-linux-gnu/libnsl-2.19.so
7fee5856c000-7fee5856e000 rw-p 00000000 00:00 0 
7fee5856e000-7fee58577000 r-xp 00000000 08:01 918615                     /lib/x86_64-linux-gnu/libnss_compat-2.19.so
7fee58577000-7fee58776000 ---p 00009000 08:01 918615                     /lib/x86_64-linux-gnu/libnss_compat-2.19.so
7fee58776000-7fee58777000 r--p 00008000 08:01 918615                     /lib/x86_64-linux-gnu/libnss_compat-2.19.so
7fee58777000-7fee58778000 rw-p 00009000 08:01 918615                     /lib/x86_64-linux-gnu/libnss_compat-2.19.so
7fee58778000-7fee587a2000 r-xp 00000000 08:01 819042                     /usr/local/java/jdk1.8.0_91/jre/lib/amd64/libjava.so
7fee587a2000-7fee589a2000 ---p 0002a000 08:01 819042                     /usr/local/java/jdk1.8.0_91/jre/lib/amd64/libjava.so
7fee589a2000-7fee589a4000 rw-p 0002a000 08:01 819042                     /usr/local/java/jdk1.8.0_91/jre/lib/amd64/libjava.so
7fee589a4000-7fee589b1000 r-xp 00000000 08:01 819046                     /usr/local/java/jdk1.8.0_91/jre/lib/amd64/libverify.so
7fee589b1000-7fee58bb1000 ---p 0000d000 08:01 819046                     /usr/local/java/jdk1.8.0_91/jre/lib/amd64/libverify.so
7fee58bb1000-7fee58bb3000 rw-p 0000d000 08:01 819046                     /usr/local/java/jdk1.8.0_91/jre/lib/amd64/libverify.so
7fee58bb3000-7fee58bba000 r-xp 00000000 08:01 918656                     /lib/x86_64-linux-gnu/librt-2.19.so
7fee58bba000-7fee58db9000 ---p 00007000 08:01 918656                     /lib/x86_64-linux-gnu/librt-2.19.so
7fee58db9000-7fee58dba000 r--p 00006000 08:01 918656                     /lib/x86_64-linux-gnu/librt-2.19.so
7fee58dba000-7fee58dbb000 rw-p 00007000 08:01 918656                     /lib/x86_64-linux-gnu/librt-2.19.so
7fee58dbb000-7fee58ec0000 r-xp 00000000 08:01 918606                     /lib/x86_64-linux-gnu/libm-2.19.so
7fee58ec0000-7fee590bf000 ---p 00105000 08:01 918606                     /lib/x86_64-linux-gnu/libm-2.19.so
7fee590bf000-7fee590c0000 r--p 00104000 08:01 918606                     /lib/x86_64-linux-gnu/libm-2.19.so
7fee590c0000-7fee590c1000 rw-p 00105000 08:01 918606                     /lib/x86_64-linux-gnu/libm-2.19.so
7fee590c1000-7fee59d81000 r-xp 00000000 08:01 819025                     /usr/local/java/jdk1.8.0_91/jre/lib/amd64/server/libjvm.so
7fee59d81000-7fee59f81000 ---p 00cc0000 08:01 819025                     /usr/local/java/jdk1.8.0_91/jre/lib/amd64/server/libjvm.so
7fee59f81000-7fee5a059000 rw-p 00cc0000 08:01 819025                     /usr/local/java/jdk1.8.0_91/jre/lib/amd64/server/libjvm.so
7fee5a059000-7fee5a0a4000 rw-p 00000000 00:00 0 
7fee5a0a4000-7fee5a25e000 r-xp 00000000 08:01 918657                     /lib/x86_64-linux-gnu/libc-2.19.so
7fee5a25e000-7fee5a45e000 ---p 001ba000 08:01 918657                     /lib/x86_64-linux-gnu/libc-2.19.so
7fee5a45e000-7fee5a462000 r--p 001ba000 08:01 918657                     /lib/x86_64-linux-gnu/libc-2.19.so
7fee5a462000-7fee5a464000 rw-p 001be000 08:01 918657                     /lib/x86_64-linux-gnu/libc-2.19.so
7fee5a464000-7fee5a469000 rw-p 00000000 00:00 0 
7fee5a469000-7fee5a46c000 r-xp 00000000 08:01 918608                     /lib/x86_64-linux-gnu/libdl-2.19.so
7fee5a46c000-7fee5a66b000 ---p 00003000 08:01 918608                     /lib/x86_64-linux-gnu/libdl-2.19.so
7fee5a66b000-7fee5a66c000 r--p 00002000 08:01 918608                     /lib/x86_64-linux-gnu/libdl-2.19.so
7fee5a66c000-7fee5a66d000 rw-p 00003000 08:01 918608                     /lib/x86_64-linux-gnu/libdl-2.19.so
7fee5a66d000-7fee5a682000 r-xp 00000000 08:01 415070                     /usr/local/java/jdk1.8.0_91/lib/amd64/jli/libjli.so
7fee5a682000-7fee5a882000 ---p 00015000 08:01 415070                     /usr/local/java/jdk1.8.0_91/lib/amd64/jli/libjli.so
7fee5a882000-7fee5a883000 rw-p 00015000 08:01 415070                     /usr/local/java/jdk1.8.0_91/lib/amd64/jli/libjli.so
7fee5a883000-7fee5a89c000 r-xp 00000000 08:01 918622                     /lib/x86_64-linux-gnu/libpthread-2.19.so
7fee5a89c000-7fee5aa9b000 ---p 00019000 08:01 918622                     /lib/x86_64-linux-gnu/libpthread-2.19.so
7fee5aa9b000-7fee5aa9c000 r--p 00018000 08:01 918622                     /lib/x86_64-linux-gnu/libpthread-2.19.so
7fee5aa9c000-7fee5aa9d000 rw-p 00019000 08:01 918622                     /lib/x86_64-linux-gnu/libpthread-2.19.so
7fee5aa9d000-7fee5aaa1000 rw-p 00000000 00:00 0 
7fee5aaa1000-7fee5aac4000 r-xp 00000000 08:01 918627                     /lib/x86_64-linux-gnu/ld-2.19.so
7fee5aac9000-7fee5ab9d000 rw-p 00000000 00:00 0 
7fee5ab9d000-7fee5aba0000 ---p 00000000 00:00 0 
7fee5aba0000-7fee5aca2000 rw-p 00000000 00:00 0                          [stack:22596]
7fee5acb6000-7fee5acb7000 rw-p 00000000 00:00 0 
7fee5acb7000-7fee5acbf000 rw-s 00000000 08:01 403297                     /tmp/hsperfdata_notroot/22590
7fee5acbf000-7fee5acc0000 rw-p 00000000 00:00 0 
7fee5acc0000-7fee5acc1000 ---p 00000000 00:00 0 
7fee5acc1000-7fee5acc3000 rw-p 00000000 00:00 0 
7fee5acc3000-7fee5acc4000 r--p 00022000 08:01 918627                     /lib/x86_64-linux-gnu/ld-2.19.so
7fee5acc4000-7fee5acc5000 rw-p 00023000 08:01 918627                     /lib/x86_64-linux-gnu/ld-2.19.so
7fee5acc5000-7fee5acc6000 rw-p 00000000 00:00 0 
7ffe48538000-7ffe48559000 rw-p 00000000 00:00 0                          [stack]
7ffe485a5000-7ffe485a7000 r--p 00000000 00:00 0                          [vvar]
7ffe485a7000-7ffe485a9000 r-xp 00000000 00:00 0                          [vdso]
ffffffffff600000-ffffffffff601000 r-xp 00000000 00:00 0                  [vsyscall]

VM Arguments:
jvm_args: -Dfile.encoding=UTF-8 
java_command: Steganographer
java_class_path (initial): /home/notroot/Java/JavaII/workspace-JavaII/JavaII-Week-06-Assignment/bin:/Users/Shared/Java-Libraries/CourseCD/bookClasses
Launcher Type: SUN_STANDARD

Environment Variables:
JAVA_HOME=/usr/local/java/jdk1.8.0_91
PATH=/usr/local/sbin:/usr/local/bin:/usr/sbin:/usr/bin:/sbin:/bin:/usr/games:/usr/local/games:/bin:/usr/local/java/jdk1.8.0_91/bin:/bin:/usr/local/java/jdk1.8.0_91/bin
USERNAME=notroot
SHELL=/bin/bash
DISPLAY=:0.0

Signal Handlers:
SIGSEGV: [libjvm.so+0xabca10], sa_mask[0]=11111111011111111101111111111110, sa_flags=SA_RESTART|SA_SIGINFO
SIGBUS: [libjvm.so+0xabca10], sa_mask[0]=11111111011111111101111111111110, sa_flags=SA_RESTART|SA_SIGINFO
SIGFPE: [libjvm.so+0x919a20], sa_mask[0]=11111111011111111101111111111110, sa_flags=SA_RESTART|SA_SIGINFO
SIGPIPE: [libjvm.so+0x919a20], sa_mask[0]=11111111011111111101111111111110, sa_flags=SA_RESTART|SA_SIGINFO
SIGXFSZ: [libjvm.so+0x919a20], sa_mask[0]=11111111011111111101111111111110, sa_flags=SA_RESTART|SA_SIGINFO
SIGILL: [libjvm.so+0x919a20], sa_mask[0]=11111111011111111101111111111110, sa_flags=SA_RESTART|SA_SIGINFO
SIGUSR1: SIG_DFL, sa_mask[0]=00000000000000000000000000000000, sa_flags=none
SIGUSR2: [libjvm.so+0x91b050], sa_mask[0]=00100000000000000000000000000000, sa_flags=SA_RESTART|SA_SIGINFO
SIGHUP: [libjvm.so+0x91c450], sa_mask[0]=11111111011111111101111111111110, sa_flags=SA_RESTART|SA_SIGINFO
SIGINT: [libjvm.so+0x91c450], sa_mask[0]=11111111011111111101111111111110, sa_flags=SA_RESTART|SA_SIGINFO
SIGTERM: [libjvm.so+0x91c450], sa_mask[0]=11111111011111111101111111111110, sa_flags=SA_RESTART|SA_SIGINFO
SIGQUIT: [libjvm.so+0x91c450], sa_mask[0]=11111111011111111101111111111110, sa_flags=SA_RESTART|SA_SIGINFO


---------------  S Y S T E M  ---------------

OS:DISTRIB_ID=LinuxMint
DISTRIB_RELEASE=17.3
DISTRIB_CODENAME=rosa
DISTRIB_DESCRIPTION="Linux Mint 17.3 Rosa"

uname:Linux 3.19.0-32-generic #37~14.04.1-Ubuntu SMP Thu Oct 22 09:41:40 UTC 2015 x86_64
libc:glibc 2.19 NPTL 2.19 
rlimit: STACK 8192k, CORE 0k, NPROC 38595, NOFILE 4096, AS infinity
load average:0.28 0.39 0.38

/proc/meminfo:
MemTotal:        9912508 kB
MemFree:         6390904 kB
MemAvailable:    7518556 kB
Buffers:          197184 kB
Cached:          1092824 kB
SwapCached:            0 kB
Active:          2612696 kB
Inactive:         603428 kB
Active(anon):    1711584 kB
Inactive(anon):   253152 kB
Active(file):     901112 kB
Inactive(file):   350276 kB
Unevictable:           0 kB
Mlocked:               0 kB
SwapTotal:       1046524 kB
SwapFree:        1046524 kB
Dirty:               160 kB
Writeback:             0 kB
AnonPages:       1926148 kB
Mapped:           300228 kB
Shmem:             38632 kB
Slab:             135760 kB
SReclaimable:      90400 kB
SUnreclaim:        45360 kB
KernelStack:       11824 kB
PageTables:        28420 kB
NFS_Unstable:          0 kB
Bounce:                0 kB
WritebackTmp:          0 kB
CommitLimit:     6002776 kB
Committed_AS:    4464072 kB
VmallocTotal:   34359738367 kB
VmallocUsed:      198144 kB
VmallocChunk:   34359453164 kB
HardwareCorrupted:     0 kB
AnonHugePages:   1269760 kB
CmaTotal:              0 kB
CmaFree:               0 kB
HugePages_Total:       0
HugePages_Free:        0
HugePages_Rsvd:        0
HugePages_Surp:        0
Hugepagesize:       2048 kB
DirectMap4k:      204608 kB
DirectMap2M:     9965568 kB


CPU:total 4 (1 cores per cpu, 1 threads per core) family 6 model 23 stepping 7, cmov, cx8, fxsr, mmx, sse, sse2, sse3, ssse3, sse4.1, tsc, tscinvbit

/proc/cpuinfo:
processor	: 0
vendor_id	: GenuineIntel
cpu family	: 6
model		: 23
model name	: Intel(R) Core(TM)2 Extreme CPU X9650  @ 3.00GHz
stepping	: 7
microcode	: 0x705
cpu MHz		: 2989.589
cache size	: 6144 KB
physical id	: 0
siblings	: 1
core id		: 0
cpu cores	: 1
apicid		: 0
initial apicid	: 0
fpu		: yes
fpu_exception	: yes
cpuid level	: 10
wp		: yes
flags		: fpu vme de pse tsc msr pae mce cx8 apic sep mtrr pge mca cmov pat pse36 clflush dts mmx fxsr sse sse2 ss syscall nx lm constant_tsc arch_perfmon pebs bts nopl tsc_reliable nonstop_tsc aperfmperf pni ssse3 cx16 sse4_1 tsc_deadline_timer hypervisor lahf_lm dtherm tsc_adjust
bugs		:
bogomips	: 5979.17
clflush size	: 64
cache_alignment	: 64
address sizes	: 42 bits physical, 48 bits virtual
power management:

processor	: 1
vendor_id	: GenuineIntel
cpu family	: 6
model		: 23
model name	: Intel(R) Core(TM)2 Extreme CPU X9650  @ 3.00GHz
stepping	: 7
microcode	: 0x705
cpu MHz		: 2989.589
cache size	: 6144 KB
physical id	: 2
siblings	: 1
core id		: 0
cpu cores	: 1
apicid		: 2
initial apicid	: 2
fpu		: yes
fpu_exception	: yes
cpuid level	: 10
wp		: yes
flags		: fpu vme de pse tsc msr pae mce cx8 apic sep mtrr pge mca cmov pat pse36 clflush dts mmx fxsr sse sse2 ss syscall nx lm constant_tsc arch_perfmon pebs bts nopl tsc_reliable nonstop_tsc aperfmperf pni ssse3 cx16 sse4_1 tsc_deadline_timer hypervisor lahf_lm dtherm tsc_adjust
bugs		:
bogomips	: 5979.17
clflush size	: 64
cache_alignment	: 64
address sizes	: 42 bits physical, 48 bits virtual
power management:

processor	: 2
vendor_id	: GenuineIntel
cpu family	: 6
model		: 23
model name	: Intel(R) Core(TM)2 Extreme CPU X9650  @ 3.00GHz
stepping	: 7
microcode	: 0x705
cpu MHz		: 2989.589
cache size	: 6144 KB
physical id	: 4
siblings	: 1
core id		: 0
cpu cores	: 1
apicid		: 4
initial apicid	: 4
fpu		: yes
fpu_exception	: yes
cpuid level	: 10
wp		: yes
flags		: fpu vme de pse tsc msr pae mce cx8 apic sep mtrr pge mca cmov pat pse36 clflush dts mmx fxsr sse sse2 ss syscall nx lm constant_tsc arch_perfmon pebs bts nopl tsc_reliable nonstop_tsc aperfmperf pni ssse3 cx16 sse4_1 tsc_deadline_timer hypervisor lahf_lm dtherm tsc_adjust
bugs		:
bogomips	: 5979.17
clflush size	: 64
cache_alignment	: 64
address sizes	: 42 bits physical, 48 bits virtual
power management:

processor	: 3
vendor_id	: GenuineIntel
cpu family	: 6
model		: 23
model name	: Intel(R) Core(TM)2 Extreme CPU X9650  @ 3.00GHz
stepping	: 7
microcode	: 0x705
cpu MHz		: 2989.589
cache size	: 6144 KB
physical id	: 6
siblings	: 1
core id		: 0
cpu cores	: 1
apicid		: 6
initial apicid	: 6
fpu		: yes
fpu_exception	: yes
cpuid level	: 10
wp		: yes
flags		: fpu vme de pse tsc msr pae mce cx8 apic sep mtrr pge mca cmov pat pse36 clflush dts mmx fxsr sse sse2 ss syscall nx lm constant_tsc arch_perfmon pebs bts nopl tsc_reliable nonstop_tsc aperfmperf pni ssse3 cx16 sse4_1 tsc_deadline_timer hypervisor lahf_lm dtherm tsc_adjust
bugs		:
bogomips	: 5979.17
clflush size	: 64
cache_alignment	: 64
address sizes	: 42 bits physical, 48 bits virtual
power management:



Memory: 4k page, physical 9912508k(6390904k free), swap 1046524k(1046524k free)

vm_info: Java HotSpot(TM) 64-Bit Server VM (25.91-b14) for linux-amd64 JRE (1.8.0_91-b14), built on Apr  1 2016 00:57:21 by "java_re" with gcc 4.3.0 20080428 (Red Hat 4.3.0-8)

time: Sat Oct 29 15:27:11 2016
elapsed time: 1 seconds (0d 0h 0m 1s)

